<?xml version="1.0" encoding="UTF-8"?>
<!-- Generated by org.testng.reporters.JUnitReportReporter -->
<testsuite hostname="LT-A10-122186.local" name="com.jivesoftware.os.rcvs.marshall.primitives.IntegerTypeMarshallerTest" tests="2" failures="0" timestamp="9 Oct 2014 16:57:03 GMT" time="0.037" errors="0">
  <testcase name="testLexMarshalling" time="0.036" classname="com.jivesoftware.os.rcvs.marshall.primitives.IntegerTypeMarshallerTest"/>
  <testcase name="testMarshalling" time="0.001" classname="com.jivesoftware.os.rcvs.marshall.primitives.IntegerTypeMarshallerTest"/>
</testsuite> <!-- com.jivesoftware.os.rcvs.marshall.primitives.IntegerTypeMarshallerTest -->
