<?xml version="1.0" encoding="UTF-8"?>
<!-- Generated by org.testng.reporters.JUnitReportReporter -->
<testsuite hostname="LT-A10-122186.local" name="com.jivesoftware.os.rcvs.api.keys.SymetricalHashableKeyTest" tests="4" failures="0" timestamp="9 Oct 2014 16:56:50 GMT" time="6.111" errors="0">
  <testcase name="testThreadSafe" time="3.558" classname="com.jivesoftware.os.rcvs.api.keys.SymetricalHashableKeyTest"/>
  <testcase name="testOddsOfBeingInOrder" time="1.533" classname="com.jivesoftware.os.rcvs.api.keys.SymetricalHashableKeyTest"/>
  <testcase name="testDistribution" time="1.017" classname="com.jivesoftware.os.rcvs.api.keys.SymetricalHashableKeyTest"/>
  <testcase name="testToHash" time="0.003" classname="com.jivesoftware.os.rcvs.api.keys.SymetricalHashableKeyTest"/>
</testsuite> <!-- com.jivesoftware.os.rcvs.api.keys.SymetricalHashableKeyTest -->
