<?xml version="1.0" encoding="UTF-8"?>
<!-- Generated by org.testng.reporters.JUnitReportReporter -->
<testsuite hostname="LT-A10-122186.local" name="com.jivesoftware.os.rcvs.api.FixedWidthSymetricalHashableMarshallerNGTest" tests="2" failures="0" timestamp="9 Oct 2014 16:56:50 GMT" time="1.491" errors="0">
  <testcase name="testWithOffset" time="0.003" classname="com.jivesoftware.os.rcvs.api.FixedWidthSymetricalHashableMarshallerNGTest"/>
  <testcase name="testNoOffset" time="1.488" classname="com.jivesoftware.os.rcvs.api.FixedWidthSymetricalHashableMarshallerNGTest"/>
</testsuite> <!-- com.jivesoftware.os.rcvs.api.FixedWidthSymetricalHashableMarshallerNGTest -->
